<!DOCTYPE suite SYSTEM "http://testng.org/testng-1.0.dtd">
<suite name="Suite_2">
    <test name="Test_2">
        <classes>
            <class name="com.assessment2.ECommerceTest"/>
        </classes>
    </test>
</suite>